0801|AUTOMOBILE ASSEMBLER|769581016835|12447200|2615321485.88|30992.83|106807.24|75814.41|3.70654|1.526044|
0802|AUTOMOBILE PARTS & ACCESSORIES|297745990558|15637993|311829106.99|19424.21|175037.51|155613.30|1.434037|1.91724|
0803|CABLE & ELECTRICAL GOODS|87132765816|17234813|444943401.32|10582.15|42702.47|32120.32|0.419658|2.113012|
0804|CEMENT|1763245658884|23108107|2660956291.21|37659.95|159250.88|121590.93|8.492335|2.833086|
0805|CHEMICAL|360399691929|67264038|2317241346.24|23105.43|22519.14|-586.29|1.735796|8.246666|
0806|CLOSE - END MUTUAL FUND|7167347500|759194|7722862.4|1126.30|4882.41|3756.11|0.03452|0.093078|
0807|COMMERCIAL BANKS|5244450174041|59841487|6863075316.26|8929.99|44931.88|36001.89|25.25889|7.336651|
0808|ENGINEERING|153368614802|16623486|526516857.15|23740.46|48635.70|24895.24|0.738671|2.038063|
0809|FERTILIZER|1536932813522|8002164|1562796482.9|15481.46|49543.50|34062.04|7.402343|0.981077|
0810|FOOD & PERSONAL CARE PRODUCTS|1401633412098|42410910|1039334293.82|45269.77|99083.82|53814.05|6.750699|5.199637|
0811|GLASS & CERAMICS|103252509137|7247386|135076633.44|26862358.82|49971933.70|23109574.88|0.497296|0.88854|
0812|INSURANCE|243274629489|31513081|667756742.91|14507.73|31864.25|17356.52|1.171686|3.863548|
0813|INV. BANKS / INV. COS. / SECURITIES COS.|776753263017|72182284|1283300966.42|13892.29|90666.61|76774.32|3.741083|8.84965|
0814|JUTE|1076638088|193745|3181267.16|17463.05|106231.91|88768.86|0.005185|0.023753|
0815|LEASING COMPANIES|1382692549|70541|1381680.94|70.56|214.86|144.30|0.006659|0.008648|
0816|LEATHER & TANNERIES|138500187002|538341|186271702.08|10594.22|47895.71|37301.49|0.66706|0.066001|
0818|MISCELLANEOUS|131117793240|1687262|147481284.77|15084.93|30527.38|15442.45|0.631504|0.206861|
0819|MODARABAS|17496367255|4360242|67052415.41|4592.61|4161.38|-431.23|0.084268|0.534572|
0820|OIL & GAS EXPLORATION COMPANIES|3185210741998|20808400|7739011291.62|8564.22|33149.40|24585.18|15.340958|2.551139|
0821|OIL & GAS MARKETING COMPANIES|439755386037|22354628|1740743510.34|6707.77|19752.88|13045.11|2.117998|2.740709|
0822|PAPER, BOARD & PACKAGING|144522734586|10980631|358200520.78|13464.97|33944.00|20479.03|0.696066|1.346241|
0823|PHARMACEUTICALS|604589416378|8200384|1293591926.85|20034.64|75205.89|55171.25|2.911889|1.005379|
0824|POWER GENERATION & DISTRIBUTION|652500193289|24222940|1381384995.1|18362.17|54245.19|35883.02|3.142642|2.969767|
0825|REFINERY|191598828185|20331844|964185560.11|6890.42|22966.03|16075.61|0.922799|2.492713|
0826|SUGAR & ALLIED INDUSTRIES|305161772237|9218725|309100687.38|109604.45|448857.29|339252.84|1.469753|1.130229|
0827|SYNTHETIC & RAYON|119924972669|208662|9239380.0|64466.61|79352.87|14886.26|0.577596|0.025582|
0828|TECHNOLOGY & COMMUNICATION|699254404864|119001798|3866071993.52|47782.37|128240.96|80458.59|3.367825|14.589788|
0829|TEXTILE COMPOSITE|501758307083|11530748|720643123.53|35651.26|74715.27|39064.01|2.416623|1.413686|
0830|TEXTILE SPINNING|98518477418|19830864|431218979.35|14223.47|26135.83|11912.36|0.474495|2.431292|
0831|TEXTILE WEAVING|6842816718|1534738|16573789.67|1958.66|4868.39|2909.73|0.032957|0.188161|
0832|TOBACCO|373487118896|34659|49763004.17|45012.27|88314.97|43302.70|1.798829|0.004249|
0833|TRANSPORT|176152681020|43776419|833335539.32|37719.18|109211.02|71491.84|0.848406|5.367051|
0834|VANASPATI & ALLIED INDUSTRIES|3982333942|16172|6647148.45|30436.07|96905.11|66469.04|0.01918|0.001983|
0835|WOOLLEN|652223812|50692|3449378.13|3308.37|10030.37|6722.00|0.003141|0.006215|
0836|REAL ESTATE INVESTMENT TRUST|114338290690|74971038|816685284.21|22176.29|79772.91|57596.62|0.550688|9.191555|
0837|EXCHANGE TRADED FUNDS|1968445400|7325700|179915976.0|348034.70|1218761.08|870726.38|0.009481|0.898141|
0838|PROPERTY|75082532585|39726939|1060388888.3|8262.73|26621.28|18358.55|0.361621|4.870579|
0839|APPAREL|32976292663|403052|12161870.55|10000.00|11354.10|1354.10|0.158824|0.049415|
|Total|20762789536231|815651307|42633552984.68||||100.000001|100.000001|
