Fauji Fert|578.50|571.66|576.72|791462794|8.610002|456452422555.68|
United Bank|497.31|480.25|490.77|876486713|8.113927|430153384139.01|
Engro Holdings|293.80|289.90|291.95|963385595|5.305379|281260424460.25|
Meezan Bank Ltd|559.00|552.00|555.94|450138663|4.720435|250250088308.22|
Hub Power Co.|234.00|231.80|233.61|972865790|4.286986|227271177201.90|
Oil & Gas Dev|348.40|338.00|345.43|645139260|4.203599|222850454581.80|
Lucky Cement|484.90|476.00|480.12|439500000|3.980306|211012740000.00|
Habib Bank|309.00|304.10|305.91|586741003|3.385695|179489940227.73|
MCB Bank Ltd|427.74|420.50|427.11|414771002|3.341611|177152842664.22|
Pak Petroleum|249.99|245.01|248.71|669471313|3.140747|166504210256.23|
Mari Energies Ltd.|696.00|678.50|689.76|240124500|3.124224|165628275120.00|
Bank AL-Habib|177.00|174.00|174.92|833569062|2.750355|145807900325.04|
Systems Limited|150.00|148.50|149.41|884042661|2.491499|132084813980.01|
Engro Fertert|199.90|196.81|197.32|600884719|2.236506|118566572753.08|
National Bank|209.49|205.00|208.80|510011795|2.008716|106490462796.00|
Pak Oilfields|687.00|683.85|685.80|129964480|1.681241|89129640384.00|
Bank Al-Falah|62.40|60.90|61.64|1419448608|1.650403|87494812197.12|
P.S.O.|353.90|349.55|350.63|234736650|1.552522|82305711589.50|
Habib Metropolitan|118.89|116.75|117.11|471524166|1.041611|55220195080.26|
Millat Tractors|305.00|300.15|302.52|179564352|1.024665|54321807767.04|
Service Ind.Ltd|2301.00|2190.00|2221.61|23493727|0.984527|52193898840.47|
Fatima Fert|164.39|161.50|163.76|315000000|0.973030|51584400000.00|
Askari Bank|118.50|113.00|117.32|434789762|0.962186|51009534877.84|
B.O.Punjab|37.05|36.55|36.85|1382009248|0.960630|50927040788.80|
Maple Leaf|108.30|106.75|107.17|471403174|0.952957|50520278157.58|
Fauji Cement|58.99|57.81|58.66|858496527|0.949923|50359406273.82|
D.G.K.Cement|228.27|225.16|226.90|219059559|0.937572|49704613937.10|
Faysal Bank|101.89|99.67|101.56|455308958|0.872241|46241177774.48|
Sazgar Engineering|2119.00|2091.75|2105.60|21156087|0.840270|44546256787.20|
P.T.C.L.|75.20|71.70|74.01|593307122|0.828281|43910660099.22|
Attock Refinery|882.00|870.10|875.67|42646500|0.704420|37344260655.00|
Cherat Cement|344.00|334.71|336.95|106862271|0.679200|36007242213.45|
Nestle Pakistan|7849.95|7640.00|7699.43|4534958|0.658627|34916591673.94|
Colgate Palm|1270.10|1251.00|1263.91|24277327|0.578795|30684356368.57|
Bestway Cement|524.00|491.01|509.82|59625278|0.573396|30398159229.96|
Sui North Gas|120.00|118.01|118.77|253686666|0.568345|30130365320.82|
Interloop Ltd.|107.11|104.25|106.87|280341894|0.565134|29960138211.78|
Javedan Corp.|163.90|155.50|157.29|190430224|0.564995|29952769932.96|
Indus Motor Co.|2085.00|2040.00|2050.01|13982986|0.540709|28665261129.86|
Pak Services|935.00|927.01|929.00|30820000|0.540078|28631780000.00|
The Searle Company|97.00|95.50|96.13|294109294|0.533305|28272726432.22|
Nishat Mills Ltd|164.89|161.43|162.56|158219932|0.485157|25720232145.92|
Pak Stock Exchange|53.25|52.50|52.93|480885960|0.480122|25453293862.80|
GlaxoSmithKline|393.00|373.27|387.01|63693456|0.464970|24650004406.56|
Kohat Cement|107.00|105.50|106.14|229826621|0.460137|24393797552.94|
TRG Pak Ltd|70.02|67.25|67.62|354503932|0.452172|23971555881.84|
National Foods|412.50|405.00|410.20|58278856|0.450935|23905986731.20|
Pak Elektron|45.70|45.16|45.39|508007226|0.434948|23058447988.14|
Adamjee Ins.|82.90|80.80|81.41|280000000|0.429975|22794800000.00|
K-Electric Ltd.|8.40|8.21|8.24|2761519425|0.429223|22754920062.00|
Lucky Core Ind.|248.00|241.01|242.95|92359050|0.423257|22438631197.50|
Highnoon (Lab)|1075.00|1035.00|1054.67|21193345|0.421623|22351985171.15|
Dolmen City|39.00|38.52|38.98|555925000|0.408758|21669956500.00|
Abbott Lab.|1023.98|1000.10|1016.19|21150394|0.405416|21492818878.86|
Packages Ltd.|805.00|799.99|800.00|26813851|0.404629|21451080800.00|
Allied Bank Ltd|189.98|183.25|186.25|114507383|0.402288|21327000083.75|
Atlas Honda LtdXD|1719.95|1662.00|1682.62|12408794|0.393843|20879284960.28|
Thal Limited|633.00|610.00|614.60|32411964|0.375756|19920393074.40|
Air Link Commun|159.45|156.37|156.95|118580769|0.351062|18611251694.55|
Pak Tobacco|1480.00|1445.00|1453.29|12616830|0.345868|18335912870.70|
AGP Limited|218.70|213.00|217.25|84000000|0.344228|18249000000.00|
Attock Petroleum|571.00|539.00|558.96|31104000|0.327948|17385891840.00|
Pak Int.Bulk|19.20|18.80|18.87|803741747|0.286086|15166606765.89|
Ghandhara Ind.|1000.00|983.00|994.50|14913095|0.279757|14831072977.50|
Kohinoor Textile|55.00|54.12|54.82|269299456|0.278472|14762996177.92|
Shifa Int.Hospital|515.99|504.75|509.14|28446472|0.273195|14483236754.08|
Ghani Glass LtdXD|41.50|39.60|41.01|349900193|0.270671|14349406914.93|
Inter.Steel Ltd|95.00|90.00|94.24|152250000|0.270645|14348040000.00|
Tariq Glass Ind|204.80|200.55|203.47|68866875|0.264313|14012343056.25|
Arif Habib Corp|16.50|16.11|16.21|843393494|0.257882|13671408537.74|
Unilever Foods|25800.00|25650.00|25663.50|520581|0.252007|13359930493.50|
Ghandhara Automobile|586.50|567.00|584.28|22801000|0.251294|13322168280.00|
Rafhan Maize|9630.00|9536.00|9550.00|1385464|0.249578|13231181200.00|
Kot Addu Power|28.54|28.30|28.49|456595100|0.245376|13008394399.00|
St.Chart.Bank|67.20|64.25|66.06|193579251|0.241215|12787845321.06|
Nishat Power|74.60|73.24|73.72|173076622|0.240675|12759208573.84|
TPL REIT Fund I|11.13|10.38|10.60|1192750000|0.238486|12643150000.00|
Haleon Pakistan|810.25|792.22|803.01|15735356|0.238345|12635648221.56|
Power Cement|23.29|22.72|23.01|516693202|0.224263|11889110578.02|
Cnergyico PK|8.51|8.27|8.32|1373361893|0.215534|11426370949.76|
Lotte Chemical|29.61|28.75|29.38|378551802|0.209790|11121851942.76|
Sui South Gas|31.85|31.30|31.37|336843965|0.199320|10566795182.05|
Murree Brewery|945.00|915.11|935.45|11065452|0.195253|10351177073.40|
Int. Ind.Ltd.|172.50|168.15|169.67|59346846|0.189937|10069379360.82|
Citi Pharma Ltd|80.19|79.50|79.93|125653660|0.189449|10043497043.80|
Pioneer Cement|288.00|281.20|284.56|34072319|0.182887|9695619094.64|
Fauji Foods Ltd|18.48|18.07|18.12|503992628|0.172262|9132346419.36|
Pakistan Alumin|112.50|111.00|111.17|72221651|0.151448|8028880941.67|
J.D.W.Sugar|940.00|907.01|923.27|8666499|0.150932|8001518531.73|
Honda Atlas CarsXD|261.98|238.00|251.78|28560000|0.135640|7190836800.00|
Hum Network|11.57|11.11|11.28|567000000|0.120642|6395760000.00|
Mehmood Tex.|238.93|221.00|231.67|22500000|0.098324|5212575000.00|
HBL Growth Fund|19.49|18.75|19.21|265286070|0.096128|5096145404.70|
Ibrahim Fibres|271.37|271.37|271.37|15525350|0.079471|4213114229.50|
Habib Modaraba|34.00|33.33|33.99|94205925|0.060400|3202059390.75|
Gadoon Textile|312.00|306.00|307.25|8408875|0.048735|2583626843.75|
S.S.Oil|479.00|465.00|469.13|1396200|0.012355|654999306.00|
Yousuf Weaving|5.90|5.76|5.84|81600000|0.008989|476544000.00|
Bannu Woollen|69.24|66.01|68.61|4753125|0.006151|326111906.25|
Pak Gulf Leasing|14.69|13.91|14.60|9894222|0.002725|144455641.20|
