Tariq Corporation(R)|4.42|4.42|4.05|4.42|976844|29.24|3.42|
Dewan Sugar|7.10|8.02|6.91|7.98|3866818|13.68|7.02|
Ansari Sugar|28.48|31.30|28.40|31.30|1739254|10.02|28.45|
Dewan Farooque Sp.|27.50|29.88|27.40|29.88|5596344|10.01|27.16|
Quantum Data|47.75|51.87|47.75|51.87|3222956|10.01|47.15|
Mughal Energy Ltd|21.20|24.73|21.20|24.73|59006|10.01|22.48|
S.G.Power|103.98|106.67|98.01|106.67|4026407|10.00|96.97|
Saif Textile|41.40|45.20|40.98|45.20|264838|10.00|41.09|
Fateh Industries|287.00|293.11|270.05|293.11|3831|10.00|266.46|
Sally Textile|15.80|16.28|14.45|16.28|65759|10.00|14.80|
Burj Clean Energy|11.50|12.65|11.00|12.65|7051|10.00|11.50|
Shahzad Tex.|114.95|114.95|109.01|114.95|102141|10.00|104.50|
Ibrahim Fibres|271.37|271.37|271.37|271.37|2970|10.00|246.70|
Noon Sugar|93.50|104.73|93.50|104.73|370165|10.00|95.21|
AN Textile Mill|44.89|45.33|38.50|45.33|48920|10.00|41.21|
Fateh Sports|178.99|179.23|170.01|179.23|2574|10.00|162.94|
Olympia Mills|50.29|50.31|46.05|50.31|167115|9.99|45.74|
Pak.Int.Container|42.50|46.35|41.52|46.35|2068930|9.99|42.14|
Cordoba Logist|18.52|20.37|16.90|20.37|367605|9.99|18.52|
Intermarket Sec.|21.53|23.68|21.20|23.68|3777001|9.99|21.53|
Al-Shaheer Corp|12.99|14.21|12.70|14.21|8807210|9.98|12.92|
I.B.L.Modarab|12.60|13.22|11.50|13.22|594762|9.98|12.02|
Frontier Ceram|103.99|104.69|100.07|104.67|29964|9.98|95.17|
Thal Ind.Corp.|1145.00|1162.78|1057.07|1162.45|14406|9.97|1057.07|
Gulistan Sp.|12.58|12.58|12.50|12.58|293529|9.97|11.44|
Tri-Star Power|15.50|16.49|15.40|16.47|908463|9.87|14.99|
Tandlianwala Sugar|890.00|913.21|864.99|910.19|7858|9.64|830.19|
ARM Green Indus.|64.13|64.13|53.65|63.89|10370|9.59|58.30|
Sardar Chemical|82.13|91.44|80.11|90.24|82893|8.55|83.13|
TPL Life Insurance|25.00|25.64|25.00|25.29|119877|8.49|23.31|
Jubilee Spinning|59.88|60.73|55.16|59.89|11590|8.48|55.21|
TPL Insurance|31.50|34.16|30.05|33.64|2009344|8.34|31.05|
Hala Enterprise|30.15|35.30|29.81|34.51|288328|7.54|32.09|
Paramount Sp|13.24|14.49|12.90|14.21|306666|7.33|13.24|
Mandviwala|65.74|71.47|64.50|70.47|196581|7.20|65.74|
Premium Tex.|500.00|534.99|500.00|525.00|2364|7.14|490.00|
Ghani Chemical|36.61|39.85|36.49|38.66|27424496|6.71|36.23|
Suhail Jute|184.69|184.69|155.00|179.16|4415|6.71|167.90|
Faran Sugar Mills|46.89|49.74|46.79|48.99|62030|6.50|46.00|
Trust Brokerage|1.89|1.94|1.86|1.92|21845437|6.08|1.81|
Mehran Sugar|65.85|70.95|65.05|69.80|252166|6.06|65.81|
Arpak Int.|142.01|160.00|140.00|154.56|4656|5.73|146.18|
Honda Atlas CarsXD|240.00|261.98|238.00|251.78|4816447|5.72|238.16|
Pak.P.V.C.|33.00|33.00|31.00|32.15|17026|5.69|30.42|
Ghani Glo Hol|25.50|27.41|24.74|26.62|11894776|5.63|25.20|
Redco Textile|34.00|36.40|34.00|35.09|31466|5.57|33.24|
Jah.Sidd. Co.|26.25|27.54|25.65|26.38|3804740|5.35|25.04|
Bhanero Tex.|860.00|910.00|860.00|908.43|146|5.32|862.51|
GhaniGlobalGlass|9.35|9.85|9.35|9.67|4455673|4.65|9.24|
First Dawood Prop|5.10|5.49|5.10|5.25|2080802|4.58|5.02|
First Cap.Equit|5.03|5.70|5.02|5.27|62322|4.36|5.05|
Fazal Cloth|255.85|279.00|255.85|265.94|5704|4.11|255.45|
Pak Datacom|127.08|135.00|126.82|131.89|53415|3.79|127.08|
Reliance Weaving|178.00|188.98|161.02|180.00|586|3.74|173.51|
TPL Properties|11.25|11.99|11.25|11.64|34286380|3.65|11.23|
Zuma Resources Ltd.|102.95|107.99|100.00|106.27|424663|3.64|102.54|
Shadman Cotton|46.16|52.80|46.16|51.80|1125|3.62|49.99|
K.S.B.Pumps|214.10|230.00|214.00|221.45|484002|3.58|213.80|
ZIL Limited|370.30|396.00|351.10|382.98|3457|3.56|369.80|
Sanghar Sugar|127.01|146.63|127.01|138.05|2692|3.56|133.30|
Ask.Gen.Insurance|41.10|41.87|40.00|41.48|55065|3.52|40.07|
Pak Gulf Leasing|13.95|14.69|13.91|14.60|8589|3.47|14.11|
Adam Sugar|66.01|68.90|65.91|68.10|18968|3.39|65.87|
Pak Qatar Family|22.99|24.10|22.51|23.49|6801382|3.34|22.73|
Ghani Chemworld|16.90|17.75|16.80|17.41|3765370|3.32|16.85|
Dewan Motors|19.90|21.40|19.90|20.59|5840860|3.31|19.93|
Paramount Mod|15.98|16.50|14.51|15.99|291187|3.29|15.48|
TPL Trakker Ltd|25.00|25.08|24.01|24.33|735904|3.27|23.56|
Nagina Cotton|84.99|87.24|78.13|83.18|7519|3.21|80.59|
Askari Bank|113.80|118.50|113.00|117.32|10984954|3.20|113.68|
Lotte Chemical|28.75|29.61|28.75|29.38|21059671|3.20|28.47|
Sana Ind.|37.02|39.85|37.01|39.01|582|3.17|37.81|
Lalpir Power|20.57|20.99|20.15|20.81|28096|3.17|20.17|
Attock Petroleum|544.75|571.00|539.00|558.96|293919|3.14|541.95|
Inter.Steel Ltd|90.00|95.00|90.00|94.24|1290515|3.11|91.40|
Nazir Cotton Mills|13.99|14.80|13.51|14.46|16078|3.06|14.03|
Elite Cap.Mod|17.01|18.60|17.00|17.86|14379|3.06|17.33|
Chenab Limited|10.45|10.75|10.35|10.61|546098|3.01|10.30|
Haseeb Waqas Sugar|18.77|19.79|18.50|19.06|25113|2.97|18.51|
AL-Noor Sugar|129.97|129.99|125.11|129.80|730|2.93|126.10|
Flying Cement|45.00|46.40|44.51|45.89|64718|2.87|44.61|
Javedan Corp(PR)|69.80|69.80|63.05|69.77|518|2.81|67.86|
GlaxoSmithKline|376.00|393.00|373.27|387.01|740176|2.66|376.99|
Mirpurkhas Sugar|36.48|38.25|36.00|37.73|193298|2.58|36.78|
Shadab Textile|69.49|71.20|67.00|70.28|344751|2.57|68.52|
Masood Textile|108.00|116.90|104.01|112.70|126000|2.54|109.91|
Ghani Glass LtdXD|40.41|41.50|39.60|41.01|522056|2.50|40.01|
MACPAC Films|71.01|76.77|70.25|72.36|281159|2.46|70.62|
Waves Corp Ltd.|11.10|11.43|11.06|11.25|6710360|2.46|10.98|
Aisha Steel (PR)|21.01|23.30|21.01|21.71|4236|2.45|21.19|
Askari Life Ass|24.13|25.00|23.15|24.72|720965|2.45|24.13|
Ali Asghar Textile|64.20|67.00|60.01|65.71|5636|2.40|64.17|
Grays Leasing|20.79|21.90|19.62|20.52|61952|2.29|20.06|
P.T.C.L.|72.97|75.20|71.70|74.01|16650708|2.28|72.36|
AKD Securites|41.72|43.50|41.01|42.00|1412489|2.21|41.09|
Symmetry Group Ltd|11.76|12.69|11.76|12.02|11003300|2.21|11.76|
Bestway Cement|491.01|524.00|491.01|509.82|54327|2.20|498.83|
Pak Reinsurance|17.93|19.00|17.65|18.10|18996584|2.20|17.71|
Leather Up Ltd.|42.00|42.00|39.00|40.75|56155|2.18|39.88|
Equity Modaraba|11.00|11.46|11.00|11.34|90423|2.16|11.10|
Roshan Packages|16.80|17.57|16.60|17.03|1980111|2.16|16.67|
Arif Habib Ltd.|114.75|116.80|114.12|116.54|77624|2.11|114.13|
Gulshan Sp.|7.85|8.30|7.55|7.82|487791|2.09|7.66|
Kohinoor Power|30.50|32.44|29.12|30.33|505136|2.09|29.71|
Dewan Auto Engg|24.50|25.99|24.20|25.02|31360|2.08|24.51|
Tariq Glass Ind|201.00|204.80|200.55|203.47|216371|2.03|199.42|
Dawood Equities|19.97|20.40|19.31|19.94|71569|1.99|19.55|
Highnoon (Lab)|1048.00|1075.00|1035.00|1054.67|93895|1.92|1034.80|
Oil & Gas Dev|340.00|348.40|338.00|345.43|9309173|1.87|339.10|
Safe Mix Con.Ltd|46.11|47.00|42.10|46.85|5220|1.85|46.00|
Mari Energies Ltd.|680.00|696.00|678.50|689.76|3683127|1.83|677.38|
Wafi Energy Pak|194.97|197.99|193.00|196.49|69901|1.74|193.13|
PIA Holding Co.(B)|18294.01|19750.00|17020.02|18603.14|35|1.69|18294.00|
Saritow Spinning|26.00|27.00|25.06|26.00|19784|1.64|25.58|
Ist.Capital Sec|5.02|5.19|5.01|5.09|571311|1.60|5.01|
Otsuka Pak|373.48|380.00|365.01|374.63|10823|1.59|368.77|
Engro Poly (PR)|12.25|12.25|12.05|12.20|45110|1.58|12.01|
Bankislami Pak|28.09|29.70|27.71|28.47|5450961|1.57|28.03|
Siemens Pak.|1543.96|1543.96|1517.01|1539.26|33|1.46|1517.08|
Merit Packaging|10.80|10.80|10.31|10.51|553379|1.45|10.36|
Ghandhara Automobile|577.89|586.50|567.00|584.28|1053237|1.43|576.02|
Imperial Limite|25.30|25.30|24.00|24.22|1200|1.42|23.88|
Nimir Resins|35.24|35.85|35.00|35.58|118201|1.40|35.09|
Faysal Bank|100.40|101.89|99.67|101.56|1609832|1.38|100.18|
Alfalah ConsumerXD|18.54|18.54|18.11|18.50|14500|1.37|18.25|
Colony Tex.Mills Ltd|7.36|7.71|7.36|7.46|493737|1.36|7.36|
ZahidJee Tex.|66.90|66.90|65.55|66.02|7848|1.35|65.14|
Nimir Ind.Chem|225.99|227.00|215.11|223.63|240020|1.34|220.67|
National Bank|206.50|209.49|205.00|208.80|4001532|1.34|206.04|
AGP Limited|215.00|218.70|213.00|217.25|987350|1.30|214.47|
Secure Logistics -Tr|18.24|19.43|17.65|18.43|26707486|1.26|18.20|
Samba Bank|10.68|11.13|10.50|10.56|5851289|1.25|10.43|
Allied Bank Ltd|184.00|189.98|183.25|186.25|111382|1.24|183.96|
JS Investments|46.00|48.48|43.00|46.70|5462|1.24|46.13|
Century Paper|31.35|32.25|30.79|31.38|6525923|1.23|31.00|
Descon Oxychem|33.00|33.84|32.52|32.90|447537|1.20|32.51|
United Bank|482.00|497.31|480.25|490.77|3564201|1.19|484.99|
Premier Ins.|9.65|9.90|9.20|9.51|124865|1.17|9.40|
UDL Int.Ltd.|19.10|19.48|18.82|19.04|59695|1.17|18.82|
Invest Bank|4.37|4.55|4.36|4.40|958923|1.15|4.35|
AL-Ghazi Tractors|395.00|404.00|390.00|399.52|18120|1.15|394.99|
Pak Petroleum|245.33|249.99|245.01|248.71|7703756|1.12|245.95|
NBP Pakistan G ETFXD|30.64|30.64|30.20|30.33|18000|1.10|30.00|
SPEL Limited|54.69|55.49|53.30|54.82|1445934|1.07|54.24|
PICIC Ins.Ltd.|5.70|5.84|5.55|5.70|249464|1.06|5.64|
Aruj Industries|10.35|10.65|10.25|10.49|110921|1.06|10.38|
Engro Powergen|25.26|26.25|25.26|25.79|932224|1.06|25.52|
Yousuf Weaving|5.80|5.90|5.76|5.84|1047209|1.04|5.78|
Bawany Air Prod|33.69|35.87|32.03|34.18|166841|1.00|33.84|
Fauji Foods Ltd|18.12|18.48|18.07|18.12|14872942|1.00|17.94|
Habib Sugar|80.01|81.98|78.15|80.87|6353|1.00|80.07|
B.F.Modaraba|23.69|23.69|22.31|22.34|18054|0.99|22.12|
Service Ind Tex|39.52|40.00|39.01|39.91|6061|0.99|39.52|
Khyber Textile|1588.40|1637.00|1588.40|1635.00|297|0.98|1619.19|
Sec. Inv. Bank|7.25|7.25|7.18|7.25|5588|0.97|7.18|
Baba Farid|289.00|320.00|278.00|294.63|1265|0.97|291.79|
United Distributor|124.95|129.00|124.95|125.84|41762|0.93|124.68|
Bannu Woollen|69.24|69.24|66.01|68.61|50692|0.90|68.00|
HBL Growth Fund|19.00|19.49|18.75|19.21|174103|0.89|19.04|
GOC (Pak) Ltd.|112.04|115.00|112.00|113.00|354|0.86|112.04|
Abdullah Shah|9.95|9.95|9.60|9.85|110109|0.82|9.77|
Ghandhara Ind.|989.50|1000.00|983.00|994.50|220541|0.81|986.55|
Sunrays Textile|112.50|116.95|111.12|112.91|14045|0.80|112.01|
Pak Stock Exchange|52.60|53.25|52.50|52.93|3215650|0.80|52.51|
MCB Bank Ltd|425.99|427.74|420.50|427.11|399609|0.79|423.75|
Pakistan Alumin|112.49|112.50|111.00|111.17|35801|0.79|110.30|
Interloop Ltd.|107.11|107.11|104.25|106.87|1342716|0.78|106.04|
Fauji Fert|572.40|578.50|571.66|576.72|1340806|0.78|572.28|
Punjab Oil|169.00|170.00|166.00|169.82|3217|0.77|168.52|
JS Bank Ltd|13.50|13.89|13.25|13.39|2536422|0.75|13.29|
D.M. Corporation Ltd|198.00|203.00|198.00|200.00|705|0.74|198.53|
Pervez Ahmed Co|2.79|2.83|2.72|2.74|353967|0.74|2.72|
Chenab Ltd.(PR)|4.15|4.35|4.04|4.16|913753|0.73|4.13|
National Silk|200.00|207.00|176.02|190.71|1216|0.71|189.36|
Gatron Ind.|89.50|89.99|88.50|89.45|25706|0.71|88.82|
HBL Total Treasury|103.01|113.60|103.01|113.57|13200|0.68|112.80|
Media Times Ltd|5.84|6.04|5.84|5.92|1460043|0.68|5.88|
Premier Suger|716.00|769.92|714.99|719.93|1110|0.68|715.07|
Escorts Bank|11.99|11.99|11.77|11.90|41396|0.68|11.82|
F.Treet Manuf|18.09|18.99|17.75|18.21|17264|0.66|18.09|
Meezan Bank Ltd|552.41|559.00|552.00|555.94|969134|0.64|552.41|
National Refinery|369.90|378.00|367.00|371.03|1107730|0.63|368.69|
MithchellsFruit|182.10|188.00|180.01|183.99|22862|0.62|182.85|
LSE Ventures Ltd|11.51|11.69|11.36|11.53|1483415|0.61|11.46|
Dynea Pakistan|346.96|349.99|342.10|348.98|2175|0.58|346.96|
Pak Refinery|36.19|36.90|36.08|36.29|4552116|0.58|36.08|
Security Paper|150.45|150.99|148.26|150.57|25706|0.57|149.72|
Kot Addu Power|28.44|28.54|28.30|28.49|763334|0.56|28.33|
Orient Rental|10.90|10.90|10.52|10.74|18875|0.56|10.68|
National Foods|408.00|412.50|405.00|410.20|297212|0.53|408.05|
Dolmen City|38.99|39.00|38.52|38.98|415345|0.52|38.78|
Pakistan Cables-|174.00|174.00|169.00|171.48|95552|0.50|170.62|
EFU General|125.49|125.89|125.00|125.63|11931|0.50|125.00|
Globe Residency|22.48|22.48|22.00|22.34|996804|0.49|22.23|
Hinopak Motor|433.00|434.00|429.00|431.37|13519|0.46|429.39|
Kohinoor Textile|54.99|55.00|54.12|54.82|386800|0.46|54.57|
Hub Power Co.|233.55|234.00|231.80|233.61|2328480|0.46|232.55|
Ferozsons (Lab)|410.00|414.00|407.00|411.85|53397|0.45|410.00|
Matco Foods Ltd|45.22|46.20|45.22|45.97|278988|0.44|45.77|
Colgate Palm|1260.00|1270.10|1251.00|1263.91|3016|0.44|1258.42|
Meezan PakistanXD|18.61|18.62|18.45|18.59|2522000|0.43|18.51|
Big Bird Foods Ltd.|45.95|45.99|45.35|45.75|288517|0.42|45.56|
Indus Motor Co.|2047.00|2085.00|2040.00|2050.01|56691|0.40|2041.75|
OLP Modaraba|24.97|25.40|24.67|25.07|102045|0.40|24.97|
Stylers Int.Ltd.|52.00|53.10|52.00|52.93|36769|0.40|52.72|
Engro Polymer|34.60|35.24|34.51|34.91|1279673|0.37|34.78|
Biafo Industries|133.00|136.75|132.30|132.82|308891|0.36|132.35|
Attock Cement|223.96|225.99|222.45|223.23|22788|0.35|222.45|
Sazgar Engineering|2100.00|2119.00|2091.75|2105.60|70822|0.35|2098.27|
Pioneer Cement|286.00|288.00|281.20|284.56|127326|0.35|283.57|
Thatta Cement|68.01|69.11|67.02|68.04|1774265|0.34|67.81|
Sitara Peroxide|65.75|65.75|65.01|65.54|5514|0.34|65.32|
Agritech Limited|52.99|52.99|51.62|52.22|124256|0.33|52.05|
D.S. Ind. Ltd.|10.36|10.52|10.00|10.21|682552|0.29|10.18|
Indus Dyeing|148.45|148.48|144.00|146.97|6778|0.29|146.55|
Shabbir Tiles|11.25|11.48|11.22|11.29|1443820|0.27|11.26|
Azgard Nine|11.20|11.45|11.20|11.32|572650|0.27|11.29|
Reliance Ins.|11.97|11.99|11.50|11.80|2946|0.25|11.77|
Systems Limited|150.00|150.00|148.50|149.41|1276023|0.25|149.04|
HI-Tech Lub.|44.50|44.84|44.00|44.29|234414|0.23|44.19|
B.O.Punjab|36.77|37.05|36.55|36.85|16134088|0.22|36.77|
Crescent Fibres|57.78|60.94|56.00|57.90|1180|0.21|57.78|
Bolan Casting|78.50|80.00|78.00|78.16|31109|0.21|78.00|
Tata Textile|142.50|143.85|139.50|140.79|56569|0.18|140.54|
Unicap Modaraba|5.81|6.07|5.70|5.79|641126|0.17|5.78|
Bunnys Limited|7.11|7.17|7.08|7.10|1099832|0.14|7.09|
Loads Limited|15.10|15.29|14.95|14.99|7822283|0.13|14.97|
Tariq Corp Ltd.XR|23.39|23.90|23.07|23.45|21351|0.13|23.42|
Attock Refinery|871.01|882.00|870.10|875.67|300374|0.12|874.60|
Habib Modaraba|34.00|34.00|33.33|33.99|8981|0.12|33.95|
Nishat Power|74.60|74.60|73.24|73.72|1808414|0.11|73.64|
Saif Power Ltd|9.51|9.80|9.49|9.61|563481|0.10|9.60|
Ismail Ind.|1953.00|1955.00|1927.00|1927.00|131|0.10|1925.01|
Bata (Pak) Ltd.|1006.98|1006.98|996.60|998.01|265|0.10|997.00|
Atlas Battery|220.98|220.98|216.50|217.75|23700|0.10|217.53|
Pace (Pak) Ltd.|11.17|11.39|11.06|11.18|1394704|0.09|11.17|
Habib Bank|307.00|309.00|304.10|305.91|2774599|0.09|305.64|
Pak Elektron|45.35|45.70|45.16|45.39|6579786|0.09|45.35|
Fauji Cement|58.88|58.99|57.81|58.66|2726186|0.09|58.61|
Pak Engineering|840.00|870.00|831.01|869.69|2517|0.08|869.00|
Citi Pharma Ltd|80.00|80.19|79.50|79.93|567200|0.06|79.88|
Sui North Gas|119.01|120.00|118.01|118.77|1508316|0.06|118.70|
Mahaana IslamicXD|17.54|17.54|17.40|17.46|577500|0.06|17.45|
S.S.Oil|474.99|479.00|465.00|469.13|12955|0.05|468.88|
Unilever Foods|25800.00|25800.00|25650.00|25663.50|55|0.05|25650.50|
Nestle Pakistan|7704.11|7849.95|7640.00|7699.43|173|0.05|7695.72|
Jauharabad Sug|69.74|69.74|66.00|68.48|587431|0.04|68.45|
Image Pakistan|26.88|26.93|26.60|26.89|360377|0.04|26.88|
Adamjee Life Ass.|32.00|32.99|31.75|32.01|8841|0.03|32.00|
Pak Oilfields|687.00|687.00|683.85|685.80|112344|0.03|685.61|
Lucky Cement|481.05|484.90|476.00|480.12|1155247|0.02|480.03|
Murree Brewery|929.98|945.00|915.11|935.45|4665|0.02|935.30|
Nishat ChunPower|65.29|65.29|64.25|64.66|1637000|0.02|64.65|
Jubilee Gen.Ins|84.00|84.00|82.50|83.00|49027|0.01|82.99|
Wah-Noble|294.00|297.99|291.00|291.20|1556|0.01|291.17|
Hoechst Pak Ltd|4039.00|4040.00|4005.20|4006.31|237|0.01|4005.91|
