1st.Fid.Leasing|26.70|27.00|24.03|24.03|1388482|-10.00|26.70|
Chashma Sugar|153.99|160.49|131.81|132.21|393386|-9.72|146.45|
UBLPakistanETFXD|33.62|33.62|30.50|30.75|3681500|-8.13|33.47|
Imrooz Modaraba|220.00|229.15|216.01|219.97|389|-6.06|234.17|
Ashfaq Textile|38.00|38.00|33.81|35.31|5954|-5.51|37.37|
Sitara Chemical|850.02|862.98|799.00|811.04|32966|-5.42|857.51|
Gammon Pak|20.41|21.00|19.52|19.76|3982|-5.41|20.89|
Pak Agro Pack|13.25|13.25|13.25|13.25|3000|-5.36|14.00|
TPL Corp Ltd|18.00|18.28|16.35|16.79|48406341|-5.03|17.68|
Next Capital|13.40|13.90|13.00|13.11|791|-5.00|13.80|
Popular Islamic|23.10|23.10|21.11|22.05|6153|-4.96|23.20|
Kohat Textile|171.08|171.08|162.00|162.72|586573|-4.89|171.08|
F.Credit & Inv|36.92|36.92|33.23|35.22|18182|-4.60|36.92|
IBL HealthCare|59.51|60.00|54.13|55.32|2651265|-4.42|57.88|
Buxly Paints|238.44|239.95|224.98|227.93|31781|-4.41|238.44|
Shams Textile|48.00|50.60|41.60|44.05|3736|-4.24|46.00|
Sindh Abadgar|370.10|379.90|350.00|355.07|476|-4.06|370.10|
J.A.Textile|40.48|40.55|37.00|38.85|110421|-4.03|40.48|
Hussain Industries|56.44|58.00|51.50|54.47|10174|-3.49|56.44|
Bela Automotive|61.00|61.89|56.02|57.92|7911|-3.48|60.01|
Prosperity Weaving|62.00|66.00|62.00|62.61|5324|-3.45|64.85|
Khairpur Sugar|2304.00|2304.00|2115.00|2227.84|1141|-3.34|2304.94|
Pak Gen.Ins.|18.75|18.99|17.01|17.89|15396|-3.19|18.48|
Dewan Textile|12.99|13.65|11.80|12.10|228030|-3.12|12.49|
Diamond Ind.|61.98|62.99|60.00|60.13|1720|-2.98|61.98|
Service Ind.Ltd|2301.00|2301.00|2190.00|2221.61|58199|-2.88|2287.48|
Khalid Siraj|13.57|13.58|12.56|12.84|5062|-2.87|13.22|
Tri-Pack Films|150.00|153.00|147.51|148.24|103666|-2.79|152.49|
Din Textile|74.05|88.00|74.05|78.06|1955|-2.69|80.22|
Asim Textile|28.55|29.88|26.60|27.52|230337|-2.65|28.27|
Dadabhoy Cement|7.80|7.90|7.60|7.64|102603|-2.55|7.84|
NIT PakistanXD|39.04|39.06|38.00|38.09|7500|-2.43|39.04|
Mehmood Tex.|236.01|238.93|221.00|231.67|729|-2.26|237.03|
Blue-Ex Limited|8.50|8.90|8.29|8.34|5097924|-2.11|8.52|
Trust Modaraba|16.00|16.00|15.51|15.55|397129|-2.08|15.88|
Tariq Corp (PR)|11.37|11.37|10.76|11.00|7557|-2.05|11.23|
Atlas Honda LtdXD|1718.00|1719.95|1662.00|1682.62|31151|-2.02|1717.24|
Adamjee Ins.|82.70|82.90|80.80|81.41|141353|-1.81|82.91|
AL-Noor Mod|7.31|7.50|7.20|7.30|37886|-1.75|7.43|
IGI Holdings|268.01|271.10|264.00|264.78|91180|-1.74|269.46|
Crescent Jute|12.99|13.25|12.50|12.64|189330|-1.71|12.86|
Sitara Energy|30.50|31.68|30.50|30.97|5804|-1.65|31.49|
Universal Ins.|23.40|24.50|23.40|23.56|2736|-1.55|23.93|
LSE SPAC-I Ltd.|17.00|17.01|16.60|16.64|320033|-1.54|16.90|
Kohinoor Mills|11.25|11.37|10.90|11.01|2640114|-1.52|11.18|
Shield Corp.|800.00|800.00|750.00|750.02|1404|-1.51|761.52|
Kohinoor Ind.|49.04|49.04|47.11|48.29|107702|-1.51|49.03|
Crescent Tex.|74.35|76.00|71.00|72.10|93067|-1.50|73.20|
PIA Holding Company|30.88|30.98|30.25|30.31|3253303|-1.49|30.77|
Arctic Textile|46.50|46.50|43.11|44.31|140740|-1.49|44.98|
Cherat Cement|343.00|344.00|334.71|336.95|399687|-1.49|342.04|
Dost Steels Ltd.|5.42|5.52|5.30|5.34|2032770|-1.48|5.42|
Gul Ahmed|31.20|31.20|30.00|30.45|942737|-1.46|30.90|
Sapphire Tex.|1520.01|1553.98|1520.01|1541.33|137|-1.42|1563.55|
JS Global Cap.|170.00|171.00|165.00|165.67|344|-1.34|167.92|
Image Reit|8.30|8.30|8.01|8.15|515488|-1.33|8.26|
Liven Pharma|40.03|41.09|40.02|40.17|28865|-1.33|40.71|
EFU Life Assurance|156.00|159.87|155.25|157.38|1515|-1.32|159.49|
Oilboy Energy|18.40|18.49|17.85|17.96|1784790|-1.32|18.20|
Ideal Spinning|67.00|69.78|63.25|65.60|2548|-1.26|66.44|
Hascol Petrol|20.75|20.87|20.31|20.35|5093121|-1.26|20.61|
Ittefaq Iron Ind|8.89|8.89|8.61|8.65|356569|-1.26|8.76|
Zarea Limited|45.49|45.50|44.00|44.77|637754|-1.24|45.33|
Hum Network|11.57|11.57|11.11|11.28|1748844|-1.23|11.42|
Kohinoor Spining|6.72|6.79|6.49|6.54|8347089|-1.21|6.62|
Feroze 1888|61.49|61.49|59.02|59.76|77424|-1.21|60.49|
Zephyr Textile|21.06|21.50|20.77|20.92|434908|-1.18|21.17|
Metro Steel|28.70|28.70|27.70|27.81|52233|-1.17|28.14|
Dewan Cement|12.14|12.20|11.85|11.90|3638592|-1.16|12.04|
Towellers Limited|129.33|131.00|127.50|127.84|23008|-1.15|129.33|
Maqbool Textile|23.50|24.00|22.66|23.42|7955|-1.14|23.69|
Shezan Inter.|258.01|265.00|246.02|256.00|668|-1.14|258.95|
Soneri Bank Ltd|22.96|23.29|22.57|22.70|592378|-1.13|22.96|
Air Link Commun|158.00|159.45|156.37|156.95|1025342|-1.11|158.71|
LSE Fin. Services|20.52|21.50|20.52|20.77|8513|-1.10|21.00|
Leiner Pak Gelat|98.42|102.50|96.67|97.46|8750|-1.08|98.52|
Pak Services|928.02|935.00|927.01|929.00|138|-1.07|939.09|
Altern Energy|8.49|8.49|8.20|8.29|970394|-1.07|8.38|
Habib Rice Prod|21.22|21.55|21.10|21.26|100293|-1.07|21.49|
Dandot Cement|19.60|20.30|19.35|19.52|143141|-1.06|19.73|
Ghazi Fabrics|31.98|32.45|31.52|31.64|30911|-1.06|31.98|
ECOPACK Ltd|57.50|58.25|56.50|57.10|203707|-1.06|57.71|
Aisha Steel Mill|13.30|13.53|13.10|13.19|2042588|-1.05|13.33|
Beco Steel Ltd|5.77|5.83|5.64|5.67|6884074|-1.05|5.73|
Maple Leaf|107.19|108.30|106.75|107.17|7981696|-1.03|108.29|
Amreli Steels|16.50|16.52|16.30|16.34|376872|-1.03|16.51|
Bank Of Khyber|33.80|34.50|33.00|33.06|48337|-1.02|33.40|
Pak Int.Bulk|19.20|19.20|18.80|18.87|9527611|-1.00|19.06|
Mughal Iron|89.89|89.89|88.53|88.96|855175|-0.98|89.84|
P.N.S.C|650.00|650.00|580.11|634.93|6863|-0.97|641.15|
Ruby Textile|18.44|18.44|17.50|17.60|8941|-0.96|17.77|
Sui South Gas|31.68|31.85|31.30|31.37|3419605|-0.95|31.67|
Service Global|125.90|125.90|122.00|123.83|419597|-0.94|125.01|
BF Biosciences|144.85|144.85|139.50|141.24|656684|-0.93|142.57|
Fecto Cement|121.80|121.80|118.99|120.15|139263|-0.93|121.28|
Cherat Packaging|99.01|100.30|99.00|99.06|32535|-0.93|99.99|
Crescent Steel|112.50|112.99|110.60|111.31|558764|-0.93|112.35|
Int.Knitwear|94.71|96.90|92.03|93.85|5906|-0.91|94.71|
Panther Tyres Ltd.|57.00|57.49|56.15|57.00|218029|-0.89|57.51|
United Brands|25.37|25.90|24.51|24.61|6564|-0.89|24.83|
Lucky Core Ind.|247.99|248.00|241.01|242.95|124193|-0.89|245.12|
Hira Textile|6.98|7.29|6.82|6.90|1401701|-0.86|6.96|
Amtex Limited|4.76|4.76|4.53|4.62|248002|-0.86|4.66|
Signature Residency|16.38|16.55|16.16|16.24|71062|-0.85|16.38|
Habib Ins.|10.46|10.79|10.44|10.45|24473|-0.85|10.54|
Netsol Tech.|136.00|136.00|133.00|134.02|480408|-0.84|135.16|
Cnergyico PK|8.50|8.51|8.27|8.32|14371624|-0.83|8.39|
Int. Ind.Ltd.|172.00|172.50|168.15|169.67|326458|-0.83|171.09|
Blessed Tex.|1052.00|1129.00|1052.00|1129.00|26|-0.81|1138.26|
Janana D Mal|134.98|136.98|133.02|135.13|2692|-0.80|136.22|
JS Global Banking|42.70|42.72|42.18|42.45|61000|-0.77|42.78|
Berger Paints|115.25|116.00|113.90|114.34|122941|-0.76|115.21|
Engro Fertert|199.01|199.90|196.81|197.32|2553789|-0.74|198.80|
Unity Foods Ltd|11.10|11.11|10.87|10.93|5367049|-0.73|11.01|
Quetta Textile|16.39|16.39|15.07|15.57|8488|-0.70|15.68|
Nishat Mills Ltd|163.67|164.89|161.43|162.56|2491712|-0.68|163.67|
Pakgen Power|42.77|42.77|41.20|41.35|26683|-0.67|41.63|
Waves Home App|9.08|9.17|8.80|8.87|2632412|-0.67|8.93|
Cres.Star Ins.|6.09|6.09|5.95|5.99|1146843|-0.66|6.03|
Treet Corp|26.10|26.10|25.57|25.72|1647729|-0.66|25.89|
Telecard Limited|9.35|9.45|9.17|9.21|5057855|-0.65|9.27|
Tri-Star 1st Mod.|37.00|38.99|36.52|36.98|20792|-0.64|37.22|
Bank Al-Falah|62.40|62.40|60.90|61.64|3327833|-0.64|62.04|
Haleon Pakistan|810.00|810.25|792.22|803.01|170188|-0.63|808.09|
Agha Steel Ind.|8.05|8.08|7.90|7.93|1324196|-0.63|7.98|
Sakrand Sugar|30.45|31.45|30.00|30.25|421653|-0.62|30.44|
Bal.Wheels|227.62|227.62|222.82|224.99|14000|-0.61|226.38|
Pak Paper Prod|138.00|139.89|132.00|136.67|9062|-0.61|137.51|
Dawood Law|57.42|57.98|56.50|57.07|320650|-0.61|57.42|
Archroma Pak|400.05|404.00|398.00|399.55|5103|-0.61|402.00|
K-Electric Ltd.|8.35|8.40|8.21|8.24|9567971|-0.60|8.29|
Ghani Value Glass|59.79|59.99|56.85|58.01|4511|-0.60|58.36|
Crescent Cotton|44.00|44.00|42.05|42.79|5474|-0.58|43.04|
Gharibwal Cement|55.70|56.21|54.72|54.89|456642|-0.58|55.21|
Agriautos Ind.|168.99|174.97|162.02|166.99|3101|-0.58|167.96|
MCB Inv MGT|161.47|161.50|160.00|160.96|5408|-0.56|161.87|
Shahtaj Textile|140.00|143.00|136.15|142.22|1804|-0.56|143.02|
The Searle Company|96.55|97.00|95.50|96.13|2188773|-0.56|96.67|
Javedan Corp.|162.11|163.90|155.50|157.29|4034768|-0.54|158.15|
LSE Capital Ltd.|5.60|5.69|5.54|5.55|461467|-0.54|5.58|
Wasl Mobility Mod|5.60|5.68|5.50|5.57|444081|-0.54|5.60|
Packages Ltd.|805.00|805.00|799.99|800.00|730|-0.53|804.23|
Burshane LPG|56.13|56.47|55.58|55.84|37972|-0.52|56.13|
Punjab Mod|8.00|8.00|7.20|7.71|261107|-0.52|7.75|
Apna Microfin.|23.96|24.00|23.10|23.85|4693|-0.50|23.97|
Thal Limited|633.00|633.00|610.00|614.60|13619|-0.49|617.65|
Macter Int. Ltd|280.76|284.80|277.00|279.38|25592|-0.49|280.76|
Arif Habib Corp|16.49|16.50|16.11|16.21|2508296|-0.49|16.29|
Millat Tractors|305.00|305.00|300.15|302.52|325812|-0.49|304.01|
Fast Cables Ltd.|25.07|25.07|24.53|24.66|1198600|-0.48|24.78|
Jubile Life Ins|177.11|178.10|177.00|177.08|230|-0.48|177.93|
Exide (PAK)|545.00|545.00|488.66|540.50|6519|-0.45|542.95|
Supernet Technologie|51.08|51.85|50.50|50.85|130541|-0.45|51.08|
Bank Makramah|57.06|57.70|57.00|57.05|165257|-0.44|57.30|
Kohat Cement|107.00|107.00|105.50|106.14|181886|-0.42|106.59|
Gadoon Textile|312.00|312.00|306.00|307.25|2497|-0.42|308.54|
Wahdat Poultry Farm|19.19|19.39|18.71|19.11|507539|-0.42|19.19|
Rupali Polyester|34.50|34.50|31.10|31.41|178599|-0.41|31.54|
United Insurance|12.78|12.78|12.42|12.46|39537|-0.40|12.51|
Shaheen Ins.|7.38|7.61|7.38|7.48|1038|-0.40|7.51|
Frieslandcampina|111.80|112.82|110.00|110.67|627376|-0.40|111.11|
786 Invest Ltd|25.30|25.99|25.30|25.70|42973|-0.39|25.80|
Fatima Fert|163.00|164.39|161.50|163.76|1475017|-0.38|164.38|
TPL REIT Fund I|10.70|11.13|10.38|10.60|72948993|-0.38|10.64|
JS Rental REIT|10.53|10.94|10.53|10.70|23346|-0.37|10.74|
Ghani Dairies Ltd.|20.26|20.28|19.92|20.05|1163818|-0.35|20.12|
Rafhan Maize|9570.00|9630.00|9536.00|9550.00|162|-0.34|9583.00|
TRG Pak Ltd|69.01|70.02|67.25|67.62|11322165|-0.32|67.84|
Khyber Tobacco|319.00|319.00|306.11|315.00|538|-0.32|316.00|
Abbott Lab.|1020.00|1023.98|1000.10|1016.19|25939|-0.31|1019.35|
Tri-Star Mutual|19.50|20.88|19.20|20.02|75748|-0.30|20.08|
Pak Oxygen Ltd.|300.83|300.99|296.02|299.86|32041|-0.30|300.75|
Dadex Eternit|100.00|100.00|96.51|99.00|1320|-0.29|99.29|
Habib Metropolitan|118.00|118.89|116.75|117.11|806801|-0.29|117.45|
Ittehad Chemicals|152.00|153.00|150.00|150.82|40161|-0.28|151.25|
Sitara Petroleum|19.10|19.19|18.99|19.01|7093669|-0.26|19.06|
At-Tahur Ltd.|35.70|36.08|35.30|35.45|1858250|-0.25|35.54|
Kohinoor Energy|16.67|16.67|16.31|16.40|92047|-0.24|16.44|
Service Long March|25.25|25.30|24.91|25.09|5001944|-0.24|25.15|
Siddiqsons Tin|8.40|8.59|8.31|8.37|699728|-0.24|8.39|
Data Agro|92.00|92.00|90.00|91.30|6352|-0.22|91.50|
J.D.W.Sugar|940.00|940.00|907.01|923.27|203|-0.21|925.23|
Idrees Textile|42.52|43.99|42.00|42.67|30367|-0.21|42.76|
The Organic Meat|43.12|43.80|42.49|43.03|2430817|-0.21|43.12|
Int. Packaging|34.71|34.90|34.55|34.65|123092|-0.20|34.72|
P.S.O.|352.00|353.90|349.55|350.63|2818921|-0.20|351.32|
Engro Holdings|292.51|293.80|289.90|291.95|2100325|-0.19|292.51|
Treet Battery Ltd.|10.62|10.77|10.58|10.66|2164106|-0.19|10.68|
Elahi Cotton|269.00|276.01|268.50|269.05|509|-0.19|269.55|
JS Momentum|10.99|11.05|10.94|10.98|430500|-0.18|11.00|
Shifa Int.Hospital|514.40|515.99|504.75|509.14|159210|-0.18|510.05|
HBL Invest Fund|5.77|5.84|5.54|5.70|509343|-0.18|5.71|
Bal.Glass|11.83|12.10|11.61|11.81|573786|-0.17|11.83|
St.Chart.Bank|67.20|67.20|64.25|66.06|3902|-0.17|66.17|
Bank AL-Habib|177.00|177.00|174.00|174.92|508976|-0.17|175.21|
Itanz Technologies|42.90|43.76|40.20|41.87|1864540|-0.14|41.93|
Barkat Frisian Agro|37.79|38.37|37.13|37.37|2024899|-0.13|37.42|
Pak Qatar General|15.52|15.90|15.48|15.50|892805|-0.13|15.52|
Al-Abbas Sugar|894.00|909.83|894.00|896.08|130|-0.10|897.01|
Ghandhara Tyre|33.00|33.10|32.20|32.69|331421|-0.09|32.72|
Quice Food|34.65|34.65|34.14|34.26|369439|-0.09|34.29|
Suraj Cotton Mills|141.90|143.50|141.90|142.00|18337|-0.08|142.11|
AL-Khair Gadoon|54.00|54.00|53.00|53.08|2492|-0.08|53.12|
Nishat (Chun.)|40.50|40.78|40.26|40.45|336258|-0.07|40.48|
Power Cem (PR)|30.00|30.00|30.00|30.00|1000|-0.07|30.02|
Artistic Denim|66.50|67.44|66.25|66.72|53124|-0.04|66.75|
Power Cement|23.05|23.29|22.72|23.01|1389214|-0.04|23.02|
Avanceon Ltd|36.28|36.28|35.55|35.83|557108|-0.03|35.84|
Shahmurad Sugar|385.00|390.00|385.00|385.00|35722|-0.03|385.10|
D.G.K.Cement|227.50|228.27|225.16|226.90|2744306|-0.01|226.93|
Pak Tobacco|1460.00|1480.00|1445.00|1453.29|34121|-0.00|1453.36|
