TPL REIT Fund I|10.70|11.13|10.38|10.60|72948993|10.64|
TPL Corp Ltd|18.00|18.28|16.35|16.79|48406341|17.68|
TPL Properties|11.25|11.99|11.25|11.64|34286380|11.23|
Ghani Chemical|36.61|39.85|36.49|38.66|27424496|36.23|
Secure Logistics -Tr|18.24|19.43|17.65|18.43|26707486|18.2|
F. Nat.Equities|1.26|1.30|1.24|1.26|25865871|1.26|
Trust Brokerage|1.89|1.94|1.86|1.92|21845437|1.81|
Lotte Chemical|28.75|29.61|28.75|29.38|21059671|28.47|
Pak Reinsurance|17.93|19.00|17.65|18.10|18996584|17.71|
P.T.C.L.|72.97|75.20|71.70|74.01|16650708|72.36|
B.O.Punjab|36.77|37.05|36.55|36.85|16134088|36.77|
Fauji Foods Ltd|18.12|18.48|18.07|18.12|14872942|17.94|
Cnergyico PK|8.50|8.51|8.27|8.32|14371624|8.39|
WorldCall Telecom|1.28|1.30|1.27|1.28|12680952|1.28|
Ghani Glo Hol|25.50|27.41|24.74|26.62|11894776|25.2|
TRG Pak Ltd|69.01|70.02|67.25|67.62|11322165|67.84|
Symmetry Group Ltd|11.76|12.69|11.76|12.02|11003300|11.76|
Askari Bank|113.80|118.50|113.00|117.32|10984954|113.68|
K-Electric Ltd.|8.35|8.40|8.21|8.24|9567971|8.29|
Pak Int.Bulk|19.20|19.20|18.80|18.87|9527611|19.06|
Oil & Gas Dev|340.00|348.40|338.00|345.43|9309173|339.1|
Al-Shaheer Corp|12.99|14.21|12.70|14.21|8807210|12.92|
Kohinoor Spining|6.72|6.79|6.49|6.54|8347089|6.62|
Maple Leaf|107.19|108.30|106.75|107.17|7981696|108.29|
Loads Limited|15.10|15.29|14.95|14.99|7822283|14.97|
Pak Petroleum|245.33|249.99|245.01|248.71|7703756|245.95|
Sitara Petroleum|19.10|19.19|18.99|19.01|7093669|19.06|
Beco Steel Ltd|5.77|5.83|5.64|5.67|6884074|5.73|
Pak Qatar Family|22.99|24.10|22.51|23.49|6801382|22.73|
Waves Corp Ltd.|11.10|11.43|11.06|11.25|6710360|10.98|
Pak Elektron|45.35|45.70|45.16|45.39|6579786|45.35|
Century Paper|31.35|32.25|30.79|31.38|6525923|31|
Samba Bank|10.68|11.13|10.50|10.56|5851289|10.43|
Dewan Motors|19.90|21.40|19.90|20.59|5840860|19.93|
Dewan Farooque Sp.|27.50|29.88|27.40|29.88|5596344|27.16|
Bankislami Pak|28.09|29.70|27.71|28.47|5450961|28.03|
Unity Foods Ltd|11.10|11.11|10.87|10.93|5367049|11.01|
Blue-Ex Limited|8.50|8.90|8.29|8.34|5097924|8.52|
Hascol Petrol|20.75|20.87|20.31|20.35|5093121|20.61|
Telecard Limited|9.35|9.45|9.17|9.21|5057855|9.27|
Service Long March|25.25|25.30|24.91|25.09|5001944|25.15|
Honda Atlas CarsXD|240.00|261.98|238.00|251.78|4816447|238.16|
Pak Refinery|36.19|36.90|36.08|36.29|4552116|36.08|
GhaniGlobalGlass|9.35|9.85|9.35|9.67|4455673|9.24|
Javedan Corp.|162.11|163.90|155.50|157.29|4034768|158.15|
S.G.Power|103.98|106.67|98.01|106.67|4026407|96.97|
National Bank|206.50|209.49|205.00|208.80|4001532|206.04|
Dewan Sugar|7.10|8.02|6.91|7.98|3866818|7.02|
Jah.Sidd. Co.|26.25|27.54|25.65|26.38|3804740|25.04|
Intermarket Sec.|21.53|23.68|21.20|23.68|3777001|21.53|
Ghani Chemworld|16.90|17.75|16.80|17.41|3765370|16.85|
Mari Energies Ltd.|680.00|696.00|678.50|689.76|3683127|677.38|
UBLPakistanETFXD|33.62|33.62|30.50|30.75|3681500|33.47|
Dewan Cement|12.14|12.20|11.85|11.90|3638592|12.04|
United Bank|482.00|497.31|480.25|490.77|3564201|484.99|
Sui South Gas|31.68|31.85|31.30|31.37|3419605|31.67|
Bank Al-Falah|62.40|62.40|60.90|61.64|3327833|62.04|
PIA Holding Company|30.88|30.98|30.25|30.31|3253303|30.77|
Quantum Data|47.75|51.87|47.75|51.87|3222956|47.15|
Pak Stock Exchange|52.60|53.25|52.50|52.93|3215650|52.51|
P.S.O.|352.00|353.90|349.55|350.63|2818921|351.32|
Habib Bank|307.00|309.00|304.10|305.91|2774599|305.64|
D.G.K.Cement|227.50|228.27|225.16|226.90|2744306|226.93|
Fauji Cement|58.88|58.99|57.81|58.66|2726186|58.61|
IBL HealthCare|59.51|60.00|54.13|55.32|2651265|57.88|
Kohinoor Mills|11.25|11.37|10.90|11.01|2640114|11.18|
Waves Home App|9.08|9.17|8.80|8.87|2632412|8.93|
Engro Fertert|199.01|199.90|196.81|197.32|2553789|198.8|
JS Bank Ltd|13.50|13.89|13.25|13.39|2536422|13.29|
Meezan PakistanXD|18.61|18.62|18.45|18.59|2522000|18.51|
Arif Habib Corp|16.49|16.50|16.11|16.21|2508296|16.29|
Nishat Mills Ltd|163.67|164.89|161.43|162.56|2491712|163.67|
The Organic Meat|43.12|43.80|42.49|43.03|2430817|43.12|
Hub Power Co.|233.55|234.00|231.80|233.61|2328480|232.55|
The Searle Company|96.55|97.00|95.50|96.13|2188773|96.67|
Treet Battery Ltd.|10.62|10.77|10.58|10.66|2164106|10.68|
Engro Holdings|292.51|293.80|289.90|291.95|2100325|292.51|
First Dawood Prop|5.10|5.49|5.10|5.25|2080802|5.02|
Pak.Int.Container|42.50|46.35|41.52|46.35|2068930|42.14|
Aisha Steel Mill|13.30|13.53|13.10|13.19|2042588|13.33|
Dost Steels Ltd.|5.42|5.52|5.30|5.34|2032770|5.42|
Barkat Frisian Agro|37.79|38.37|37.13|37.37|2024899|37.42|
TPL Insurance|31.50|34.16|30.05|33.64|2009344|31.05|
Roshan Packages|16.80|17.57|16.60|17.03|1980111|16.67|
Itanz Technologies|42.90|43.76|40.20|41.87|1864540|41.93|
At-Tahur Ltd.|35.70|36.08|35.30|35.45|1858250|35.54|
Nishat Power|74.60|74.60|73.24|73.72|1808414|73.64|
Oilboy Energy|18.40|18.49|17.85|17.96|1784790|18.2|
Thatta Cement|68.01|69.11|67.02|68.04|1774265|67.81|
Hum Network|11.57|11.57|11.11|11.28|1748844|11.42|
Ansari Sugar|28.48|31.30|28.40|31.30|1739254|28.45|
Treet Corp|26.10|26.10|25.57|25.72|1647729|25.89|
Nishat ChunPower|65.29|65.29|64.25|64.66|1637000|64.65|
Faysal Bank|100.40|101.89|99.67|101.56|1609832|100.18|
Sui North Gas|119.01|120.00|118.01|118.77|1508316|118.7|
LSE Ventures Ltd|11.51|11.69|11.36|11.53|1483415|11.46|
Fatima Fert|163.00|164.39|161.50|163.76|1475017|164.38|
Media Times Ltd|5.84|6.04|5.84|5.92|1460043|5.88|
SPEL Limited|54.69|55.49|53.30|54.82|1445934|54.24|
Shabbir Tiles|11.25|11.48|11.22|11.29|1443820|11.26|
AKD Securites|41.72|43.50|41.01|42.00|1412489|41.09|
Hira Textile|6.98|7.29|6.82|6.90|1401701|6.96|
Pace (Pak) Ltd.|11.17|11.39|11.06|11.18|1394704|11.17|
Power Cement|23.05|23.29|22.72|23.01|1389214|23.02|
1st.Fid.Leasing|26.70|27.00|24.03|24.03|1388482|26.7|
Interloop Ltd.|107.11|107.11|104.25|106.87|1342716|106.04|
Fauji Fert|572.40|578.50|571.66|576.72|1340806|572.28|
Agha Steel Ind.|8.05|8.08|7.90|7.93|1324196|7.98|
Inter.Steel Ltd|90.00|95.00|90.00|94.24|1290515|91.4|
Engro Polymer|34.60|35.24|34.51|34.91|1279673|34.78|
Systems Limited|150.00|150.00|148.50|149.41|1276023|149.04|
Fast Cables Ltd.|25.07|25.07|24.53|24.66|1198600|24.78|
Ghani Dairies Ltd.|20.26|20.28|19.92|20.05|1163818|20.12|
Lucky Cement|481.05|484.90|476.00|480.12|1155247|480.03|
Cres.Star Ins.|6.09|6.09|5.95|5.99|1146843|6.03|
National Refinery|369.90|378.00|367.00|371.03|1107730|368.69|
Bunnys Limited|7.11|7.17|7.08|7.10|1099832|7.09|
Ghandhara Automobile|577.89|586.50|567.00|584.28|1053237|576.02|
Yousuf Weaving|5.80|5.90|5.76|5.84|1047209|5.78|
Air Link Commun|158.00|159.45|156.37|156.95|1025342|158.71|
Globe Residency|22.48|22.48|22.00|22.34|996804|22.23|
AGP Limited|215.00|218.70|213.00|217.25|987350|214.47|
Tariq Corporation(R)|4.42|4.42|4.05|4.42|976844|3.42|
Altern Energy|8.49|8.49|8.20|8.29|970394|8.38|
Meezan Bank Ltd|552.41|559.00|552.00|555.94|969134|552.41|
Invest Bank|4.37|4.55|4.36|4.40|958923|4.35|
Gul Ahmed|31.20|31.20|30.00|30.45|942737|30.9|
Engro Powergen|25.26|26.25|25.26|25.79|932224|25.52|
Chenab Ltd.(PR)|4.15|4.35|4.04|4.16|913753|4.13|
Tri-Star Power|15.50|16.49|15.40|16.47|908463|14.99|
Pak Qatar General|15.52|15.90|15.48|15.50|892805|15.52|
Mughal Iron|89.89|89.89|88.53|88.96|855175|89.84|
Habib Metropolitan|118.00|118.89|116.75|117.11|806801|117.45|
Kot Addu Power|28.44|28.54|28.30|28.49|763334|28.33|
GlaxoSmithKline|376.00|393.00|373.27|387.01|740176|376.99|
TPL Trakker Ltd|25.00|25.08|24.01|24.33|735904|23.56|
Clover Pakistan|8.21|8.30|8.15|8.20|732700|8.2|
Askari Life Ass|24.13|25.00|23.15|24.72|720965|24.13|
Siddiqsons Tin|8.40|8.59|8.31|8.37|699728|8.39|
D.S. Ind. Ltd.|10.36|10.52|10.00|10.21|682552|10.18|
BF Biosciences|144.85|144.85|139.50|141.24|656684|142.57|
Unicap Modaraba|5.81|6.07|5.70|5.79|641126|5.78|
Zarea Limited|45.49|45.50|44.00|44.77|637754|45.33|
Frieslandcampina|111.80|112.82|110.00|110.67|627376|111.11|
I.B.L.Modarab|12.60|13.22|11.50|13.22|594762|12.02|
Soneri Bank Ltd|22.96|23.29|22.57|22.70|592378|22.96|
Jauharabad Sug|69.74|69.74|66.00|68.48|587431|68.45|
Kohat Textile|171.08|171.08|162.00|162.72|586573|171.08|
Mahaana IslamicXD|17.54|17.54|17.40|17.46|577500|17.45|
Bal.Glass|11.83|12.10|11.61|11.81|573786|11.83|
Azgard Nine|11.20|11.45|11.20|11.32|572650|11.29|
Ist.Capital Sec|5.02|5.19|5.01|5.09|571311|5.01|
Citi Pharma Ltd|80.00|80.19|79.50|79.93|567200|79.88|
Saif Power Ltd|9.51|9.80|9.49|9.61|563481|9.6|
Crescent Steel|112.50|112.99|110.60|111.31|558764|112.35|
Avanceon Ltd|36.28|36.28|35.55|35.83|557108|35.84|
Merit Packaging|10.80|10.80|10.31|10.51|553379|10.36|
Chenab Limited|10.45|10.75|10.35|10.61|546098|10.3|
Ghani Glass LtdXD|40.41|41.50|39.60|41.01|522056|40.01|
Image Reit|8.30|8.30|8.01|8.15|515488|8.26|
HBL Invest Fund|5.77|5.84|5.54|5.70|509343|5.71|
Bank AL-Habib|177.00|177.00|174.00|174.92|508976|175.21|
Wahdat Poultry Farm|19.19|19.39|18.71|19.11|507539|19.19|
Kohinoor Power|30.50|32.44|29.12|30.33|505136|29.71|
Colony Tex.Mills Ltd|7.36|7.71|7.36|7.46|493737|7.36|
Gulshan Sp.|7.85|8.30|7.55|7.82|487791|7.66|
K.S.B.Pumps|214.10|230.00|214.00|221.45|484002|213.8|
Netsol Tech.|136.00|136.00|133.00|134.02|480408|135.16|
LSE Capital Ltd.|5.60|5.69|5.54|5.55|461467|5.58|
Gharibwal Cement|55.70|56.21|54.72|54.89|456642|55.21|
Descon Oxychem|33.00|33.84|32.52|32.90|447537|32.51|
Wasl Mobility Mod|5.60|5.68|5.50|5.57|444081|5.6|
Zephyr Textile|21.06|21.50|20.77|20.92|434908|21.17|
JS Momentum|10.99|11.05|10.94|10.98|430500|11|
Zuma Resources Ltd.|102.95|107.99|100.00|106.27|424663|102.54|
Sakrand Sugar|30.45|31.45|30.00|30.25|421653|30.44|
Service Global|125.90|125.90|122.00|123.83|419597|125.01|
Dolmen City|38.99|39.00|38.52|38.98|415345|38.78|
Cherat Cement|343.00|344.00|334.71|336.95|399687|342.04|
MCB Bank Ltd|425.99|427.74|420.50|427.11|399609|423.75|
Trust Modaraba|16.00|16.00|15.51|15.55|397129|15.88|
Chashma Sugar|153.99|160.49|131.81|132.21|393386|146.45|
Kohinoor Textile|54.99|55.00|54.12|54.82|386800|54.57|
Amreli Steels|16.50|16.52|16.30|16.34|376872|16.51|
Noon Sugar|93.50|104.73|93.50|104.73|370165|95.21|
Quice Food|34.65|34.65|34.14|34.26|369439|34.29|
Cordoba Logist|18.52|20.37|16.90|20.37|367605|18.52|
Image Pakistan|26.88|26.93|26.60|26.89|360377|26.88|
Ittefaq Iron Ind|8.89|8.89|8.61|8.65|356569|8.76|
Pervez Ahmed Co|2.79|2.83|2.72|2.74|353967|2.72|
Shadab Textile|69.49|71.20|67.00|70.28|344751|68.52|
Nishat (Chun.)|40.50|40.78|40.26|40.45|336258|40.48|
Ghandhara Tyre|33.00|33.10|32.20|32.69|331421|32.72|
Int. Ind.Ltd.|172.00|172.50|168.15|169.67|326458|171.09|
Millat Tractors|305.00|305.00|300.15|302.52|325812|304.01|
Dawood Law|57.42|57.98|56.50|57.07|320650|57.42|
LSE SPAC-I Ltd.|17.00|17.01|16.60|16.64|320033|16.9|
Biafo Industries|133.00|136.75|132.30|132.82|308891|132.35|
Paramount Sp|13.24|14.49|12.90|14.21|306666|13.24|
Attock Refinery|871.01|882.00|870.10|875.67|300374|874.6|
National Foods|408.00|412.50|405.00|410.20|297212|408.05|
Attock Petroleum|544.75|571.00|539.00|558.96|293919|541.95|
Gulistan Sp.|12.58|12.58|12.50|12.58|293529|11.44|
Paramount Mod|15.98|16.50|14.51|15.99|291187|15.48|
Big Bird Foods Ltd.|45.95|45.99|45.35|45.75|288517|45.56|
Hala Enterprise|30.15|35.30|29.81|34.51|288328|32.09|
MACPAC Films|71.01|76.77|70.25|72.36|281159|70.62|
Matco Foods Ltd|45.22|46.20|45.22|45.97|278988|45.77|
Saif Textile|41.40|45.20|40.98|45.20|264838|41.09|
Octopus Digital|34.93|34.93|34.29|34.41|262936|34.41|
Punjab Mod|8.00|8.00|7.20|7.71|261107|7.75|
Mehran Sugar|65.85|70.95|65.05|69.80|252166|65.81|
PICIC Ins.Ltd.|5.70|5.84|5.55|5.70|249464|5.64|
Amtex Limited|4.76|4.76|4.53|4.62|248002|4.66|
Nimir Ind.Chem|225.99|227.00|215.11|223.63|240020|220.67|
HI-Tech Lub.|44.50|44.84|44.00|44.29|234414|44.19|
Asim Textile|28.55|29.88|26.60|27.52|230337|28.27|
Dewan Textile|12.99|13.65|11.80|12.10|228030|12.49|
Ghandhara Ind.|989.50|1000.00|983.00|994.50|220541|986.55|
Panther Tyres Ltd.|57.00|57.49|56.15|57.00|218029|57.51|
Tariq Glass Ind|201.00|204.80|200.55|203.47|216371|199.42|
ECOPACK Ltd|57.50|58.25|56.50|57.10|203707|57.71|
Mandviwala|65.74|71.47|64.50|70.47|196581|65.74|
Mirpurkhas Sugar|36.48|38.25|36.00|37.73|193298|36.78|
Crescent Jute|12.99|13.25|12.50|12.64|189330|12.86|
Kohat Cement|107.00|107.00|105.50|106.14|181886|106.59|
Rupali Polyester|34.50|34.50|31.10|31.41|178599|31.54|
HBL Growth Fund|19.00|19.49|18.75|19.21|174103|19.04|
Haleon Pakistan|810.00|810.25|792.22|803.01|170188|808.09|
Olympia Mills|50.29|50.31|46.05|50.31|167115|45.74|
Bawany Air Prod|33.69|35.87|32.03|34.18|166841|33.84|
Bank Makramah|57.06|57.70|57.00|57.05|165257|57.3|
Shifa Int.Hospital|514.40|515.99|504.75|509.14|159210|510.05|
Dandot Cement|19.60|20.30|19.35|19.52|143141|19.73|
Adamjee Ins.|82.70|82.90|80.80|81.41|141353|82.91|
Arctic Textile|46.50|46.50|43.11|44.31|140740|44.98|
Fecto Cement|121.80|121.80|118.99|120.15|139263|121.28|
Supernet Technologie|51.08|51.85|50.50|50.85|130541|51.08|
Pioneer Cement|286.00|288.00|281.20|284.56|127326|283.57|
Masood Textile|108.00|116.90|104.01|112.70|126000|109.91|
Premier Ins.|9.65|9.90|9.20|9.51|124865|9.4|
Agritech Limited|52.99|52.99|51.62|52.22|124256|52.05|
Lucky Core Ind.|247.99|248.00|241.01|242.95|124193|245.12|
Int. Packaging|34.71|34.90|34.55|34.65|123092|34.72|
Berger Paints|115.25|116.00|113.90|114.34|122941|115.21|
TPL Life Insurance|25.00|25.64|25.00|25.29|119877|23.31|
Nimir Resins|35.24|35.85|35.00|35.58|118201|35.09|
Pak Oilfields|687.00|687.00|683.85|685.80|112344|685.61|
Allied Bank Ltd|184.00|189.98|183.25|186.25|111382|183.96|
Aruj Industries|10.35|10.65|10.25|10.49|110921|10.38|
J.A.Textile|40.48|40.55|37.00|38.85|110421|40.48|
Abdullah Shah|9.95|9.95|9.60|9.85|110109|9.77|
Kohinoor Ind.|49.04|49.04|47.11|48.29|107702|49.03|
Tri-Pack Films|150.00|153.00|147.51|148.24|103666|152.49|
Dadabhoy Cement|7.80|7.90|7.60|7.64|102603|7.84|
Shahzad Tex.|114.95|114.95|109.01|114.95|102141|104.5|
OLP Modaraba|24.97|25.40|24.67|25.07|102045|24.97|
Habib Rice Prod|21.22|21.55|21.10|21.26|100293|21.49|
Pakistan Cables-|174.00|174.00|169.00|171.48|95552|170.62|
Highnoon (Lab)|1048.00|1075.00|1035.00|1054.67|93895|1034.8|
Crescent Tex.|74.35|76.00|71.00|72.10|93067|73.2|
Kohinoor Energy|16.67|16.67|16.31|16.40|92047|16.44|
IGI Holdings|268.01|271.10|264.00|264.78|91180|269.46|
Equity Modaraba|11.00|11.46|11.00|11.34|90423|11.1|
Sardar Chemical|82.13|91.44|80.11|90.24|82893|83.13|
Arif Habib Ltd.|114.75|116.80|114.12|116.54|77624|114.13|
Feroze 1888|61.49|61.49|59.02|59.76|77424|60.49|
Tri-Star Mutual|19.50|20.88|19.20|20.02|75748|20.08|
Dawood Equities|19.97|20.40|19.31|19.94|71569|19.55|
Signature Residency|16.38|16.55|16.16|16.24|71062|16.38|
Sazgar Engineering|2100.00|2119.00|2091.75|2105.60|70822|2098.27|
Wafi Energy Pak|194.97|197.99|193.00|196.49|69901|193.13|
Sally Textile|15.80|16.28|14.45|16.28|65759|14.8|
Flying Cement|45.00|46.40|44.51|45.89|64718|44.61|
First Cap.Equit|5.03|5.70|5.02|5.27|62322|5.05|
Faran Sugar Mills|46.89|49.74|46.79|48.99|62030|46|
Grays Leasing|20.79|21.90|19.62|20.52|61952|20.06|
JS Global Banking|42.70|42.72|42.18|42.45|61000|42.78|
UDL Int.Ltd.|19.10|19.48|18.82|19.04|59695|18.82|
Mughal Energy Ltd|21.20|24.73|21.20|24.73|59006|22.48|
Service Ind.Ltd|2301.00|2301.00|2190.00|2221.61|58199|2287.48|
Indus Motor Co.|2047.00|2085.00|2040.00|2050.01|56691|2041.75|
Tata Textile|142.50|143.85|139.50|140.79|56569|140.54|
Leather Up Ltd.|42.00|42.00|39.00|40.75|56155|39.88|
Ask.Gen.Insurance|41.10|41.87|40.00|41.48|55065|40.07|
Bestway Cement|491.01|524.00|491.01|509.82|54327|498.83|
Pak Datacom|127.08|135.00|126.82|131.89|53415|127.08|
Ferozsons (Lab)|410.00|414.00|407.00|411.85|53397|410|
Artistic Denim|66.50|67.44|66.25|66.72|53124|66.75|
Metro Steel|28.70|28.70|27.70|27.81|52233|28.14|
Bannu Woollen|69.24|69.24|66.01|68.61|50692|68|
Jubilee Gen.Ins|84.00|84.00|82.50|83.00|49027|82.99|
AN Textile Mill|44.89|45.33|38.50|45.33|48920|41.21|
Bank Of Khyber|33.80|34.50|33.00|33.06|48337|33.4|
Engro Poly (PR)|12.25|12.25|12.05|12.20|45110|12.01|
786 Invest Ltd|25.30|25.99|25.30|25.70|42973|25.8|
United Distributor|124.95|129.00|124.95|125.84|41762|124.68|
Escorts Bank|11.99|11.99|11.77|11.90|41396|11.82|
Ittehad Chemicals|152.00|153.00|150.00|150.82|40161|151.25|
ICC Industries|13.89|14.00|13.50|13.68|39539|13.68|
United Insurance|12.78|12.78|12.42|12.46|39537|12.51|
Burshane LPG|56.13|56.47|55.58|55.84|37972|56.13|
AL-Noor Mod|7.31|7.50|7.20|7.30|37886|7.43|
Stylers Int.Ltd.|52.00|53.10|52.00|52.93|36769|52.72|
Pakistan Alumin|112.49|112.50|111.00|111.17|35801|110.3|
Shahmurad Sugar|385.00|390.00|385.00|385.00|35722|385.1|
Pak Tobacco|1460.00|1480.00|1445.00|1453.29|34121|1453.36|
Sitara Chemical|850.02|862.98|799.00|811.04|32966|857.51|
Cherat Packaging|99.01|100.30|99.00|99.06|32535|99.99|
Pak Oxygen Ltd.|300.83|300.99|296.02|299.86|32041|300.75|
Buxly Paints|238.44|239.95|224.98|227.93|31781|238.44|
Redco Textile|34.00|36.40|34.00|35.09|31466|33.24|
Dewan Auto Engg|24.50|25.99|24.20|25.02|31360|24.51|
Atlas Honda LtdXD|1718.00|1719.95|1662.00|1682.62|31151|1717.24|
Bolan Casting|78.50|80.00|78.00|78.16|31109|78|
Ghazi Fabrics|31.98|32.45|31.52|31.64|30911|31.98|
Idrees Textile|42.52|43.99|42.00|42.67|30367|42.76|
Frontier Ceram|103.99|104.69|100.07|104.67|29964|95.17|
Liven Pharma|40.03|41.09|40.02|40.17|28865|40.71|
Lalpir Power|20.57|20.99|20.15|20.81|28096|20.17|
Pakgen Power|42.77|42.77|41.20|41.35|26683|41.63|
Abbott Lab.|1020.00|1023.98|1000.10|1016.19|25939|1019.35|
Security Paper|150.45|150.99|148.26|150.57|25706|149.72|
Gatron Ind.|89.50|89.99|88.50|89.45|25706|88.82|
Macter Int. Ltd|280.76|284.80|277.00|279.38|25592|280.76|
Haseeb Waqas Sugar|18.77|19.79|18.50|19.06|25113|18.51|
Habib Ins.|10.46|10.79|10.44|10.45|24473|10.54|
Atlas Battery|220.98|220.98|216.50|217.75|23700|217.53|
JS Rental REIT|10.53|10.94|10.53|10.70|23346|10.74|
Towellers Limited|129.33|131.00|127.50|127.84|23008|129.33|
MithchellsFruit|182.10|188.00|180.01|183.99|22862|182.85|
Attock Cement|223.96|225.99|222.45|223.23|22788|222.45|
Tariq Corp Ltd.XR|23.39|23.90|23.07|23.45|21351|23.42|
Tri-Star 1st Mod.|37.00|38.99|36.52|36.98|20792|37.22|
Saritow Spinning|26.00|27.00|25.06|26.00|19784|25.58|
Adam Sugar|66.01|68.90|65.91|68.10|18968|65.87|
Orient Rental|10.90|10.90|10.52|10.74|18875|10.68|
Suraj Cotton Mills|141.90|143.50|141.90|142.00|18337|142.11|
F.Credit & Inv|36.92|36.92|33.23|35.22|18182|36.92|
AL-Ghazi Tractors|395.00|404.00|390.00|399.52|18120|394.99|
EMCO Industries|50.50|50.50|49.01|49.67|18070|49.67|
B.F.Modaraba|23.69|23.69|22.31|22.34|18054|22.12|
NBP Pakistan G ETFXD|30.64|30.64|30.20|30.33|18000|30|
F.Treet Manuf|18.09|18.99|17.75|18.21|17264|18.09|
Pak.P.V.C.|33.00|33.00|31.00|32.15|17026|30.42|
Nazir Cotton Mills|13.99|14.80|13.51|14.46|16078|14.03|
Pak Gen.Ins.|18.75|18.99|17.01|17.89|15396|18.48|
Alfalah ConsumerXD|18.54|18.54|18.11|18.50|14500|18.25|
Thal Ind.Corp.|1145.00|1162.78|1057.07|1162.45|14406|1057.07|
Elite Cap.Mod|17.01|18.60|17.00|17.86|14379|17.33|
Sunrays Textile|112.50|116.95|111.12|112.91|14045|112.01|
Bal.Wheels|227.62|227.62|222.82|224.99|14000|226.38|
Thal Limited|633.00|633.00|610.00|614.60|13619|617.65|
Hinopak Motor|433.00|434.00|429.00|431.37|13519|429.39|
HBL Total Treasury|103.01|113.60|103.01|113.57|13200|112.8|
S.S.Oil|474.99|479.00|465.00|469.13|12955|468.88|
EFU General|125.49|125.89|125.00|125.63|11931|125|
Jubilee Spinning|59.88|60.73|55.16|59.89|11590|55.21|
Otsuka Pak|373.48|380.00|365.01|374.63|10823|368.77|
ARM Green Indus.|64.13|64.13|53.65|63.89|10370|58.3|
Hussain Industries|56.44|58.00|51.50|54.47|10174|56.44|
Pak Paper Prod|138.00|139.89|132.00|136.67|9062|137.51|
Habib Modaraba|34.00|34.00|33.33|33.99|8981|33.95|
Ruby Textile|18.44|18.44|17.50|17.60|8941|17.77|
Adamjee Life Ass.|32.00|32.99|31.75|32.01|8841|32|
Leiner Pak Gelat|98.42|102.50|96.67|97.46|8750|98.52|
Pak Gulf Leasing|13.95|14.69|13.91|14.60|8589|14.11|
LSE Fin. Services|20.52|21.50|20.52|20.77|8513|21|
Quetta Textile|16.39|16.39|15.07|15.57|8488|15.68|
Maqbool Textile|23.50|24.00|22.66|23.42|7955|23.69|
Bela Automotive|61.00|61.89|56.02|57.92|7911|60.01|
Tandlianwala Sugar|890.00|913.21|864.99|910.19|7858|830.19|
ZahidJee Tex.|66.90|66.90|65.55|66.02|7848|65.14|
Tariq Corp (PR)|11.37|11.37|10.76|11.00|7557|11.23|
Nagina Cotton|84.99|87.24|78.13|83.18|7519|80.59|
NIT PakistanXD|39.04|39.06|38.00|38.09|7500|39.04|
Burj Clean Energy|11.50|12.65|11.00|12.65|7051|11.5|
P.N.S.C|650.00|650.00|580.11|634.93|6863|641.15|
Indus Dyeing|148.45|148.48|144.00|146.97|6778|146.55|
United Brands|25.37|25.90|24.51|24.61|6564|24.83|
Exide (PAK)|545.00|545.00|488.66|540.50|6519|542.95|
Habib Sugar|80.01|81.98|78.15|80.87|6353|80.07|
Data Agro|92.00|92.00|90.00|91.30|6352|91.5|
Popular Islamic|23.10|23.10|21.11|22.05|6153|23.2|
Service Ind Tex|39.52|40.00|39.01|39.91|6061|39.52|
Ashfaq Textile|38.00|38.00|33.81|35.31|5954|37.37|
Int.Knitwear|94.71|96.90|92.03|93.85|5906|94.71|
Sitara Energy|30.50|31.68|30.50|30.97|5804|31.49|
Fazal Cloth|255.85|279.00|255.85|265.94|5704|255.45|
Ali Asghar Textile|64.20|67.00|60.01|65.71|5636|64.17|
Sec. Inv. Bank|7.25|7.25|7.18|7.25|5588|7.18|
Sitara Peroxide|65.75|65.75|65.01|65.54|5514|65.32|
Crescent Cotton|44.00|44.00|42.05|42.79|5474|43.04|
JS Investments|46.00|48.48|43.00|46.70|5462|46.13|
MCB Inv MGT|161.47|161.50|160.00|160.96|5408|161.87|
Prosperity Weaving|62.00|66.00|62.00|62.61|5324|64.85|
Safe Mix Con.Ltd|46.11|47.00|42.10|46.85|5220|46|
Archroma Pak|400.05|404.00|398.00|399.55|5103|402|
Khalid Siraj|13.57|13.58|12.56|12.84|5062|13.22|
Atlas Ins. Ltd|74.52|76.75|74.51|75.93|4716|75.93|
Apna Microfin.|23.96|24.00|23.10|23.85|4693|23.97|
Murree Brewery|929.98|945.00|915.11|935.45|4665|935.3|
Arpak Int.|142.01|160.00|140.00|154.56|4656|146.18|
Ghani Value Glass|59.79|59.99|56.85|58.01|4511|58.36|
Suhail Jute|184.69|184.69|155.00|179.16|4415|167.9|
Aisha Steel (PR)|21.01|23.30|21.01|21.71|4236|21.19|
Gammon Pak|20.41|21.00|19.52|19.76|3982|20.89|
St.Chart.Bank|67.20|67.20|64.25|66.06|3902|66.17|
Fateh Industries|287.00|293.11|270.05|293.11|3831|266.46|
Shams Textile|48.00|50.60|41.60|44.05|3736|46|
ZIL Limited|370.30|396.00|351.10|382.98|3457|369.8|
Punjab Oil|169.00|170.00|166.00|169.82|3217|168.52|
Agriautos Ind.|168.99|174.97|162.02|166.99|3101|167.96|
Colgate Palm|1260.00|1270.10|1251.00|1263.91|3016|1258.42|
Pak Agro Pack|13.25|13.25|13.25|13.25|3000|14|
Ibrahim Fibres|271.37|271.37|271.37|271.37|2970|246.7|
Reliance Ins.|11.97|11.99|11.50|11.80|2946|11.77|
Universal Ins.|23.40|24.50|23.40|23.56|2736|23.93|
Janana D Mal|134.98|136.98|133.02|135.13|2692|136.22|
Sanghar Sugar|127.01|146.63|127.01|138.05|2692|133.3|
Fateh Sports|178.99|179.23|170.01|179.23|2574|162.94|
Ideal Spinning|67.00|69.78|63.25|65.60|2548|66.44|
Pak Engineering|840.00|870.00|831.01|869.69|2517|869|
Gadoon Textile|312.00|312.00|306.00|307.25|2497|308.54|
AL-Khair Gadoon|54.00|54.00|53.00|53.08|2492|53.12|
Premium Tex.|500.00|534.99|500.00|525.00|2364|490|
Dynea Pakistan|346.96|349.99|342.10|348.98|2175|346.96|
Din Textile|74.05|88.00|74.05|78.06|1955|80.22|
Shahtaj Textile|140.00|143.00|136.15|142.22|1804|143.02|
Diamond Ind.|61.98|62.99|60.00|60.13|1720|61.98|
Wah-Noble|294.00|297.99|291.00|291.20|1556|291.17|
EFU Life Assurance|156.00|159.87|155.25|157.38|1515|159.49|
Shield Corp.|800.00|800.00|750.00|750.02|1404|761.52|
Dadex Eternit|100.00|100.00|96.51|99.00|1320|99.29|
Baba Farid|289.00|320.00|278.00|294.63|1265|291.79|
National Silk|200.00|207.00|176.02|190.71|1216|189.36|
Karam Ceramics|136.00|148.92|122.01|135.38|1205|135.38|
Imperial Limite|25.30|25.30|24.00|24.22|1200|23.88|
Crescent Fibres|57.78|60.94|56.00|57.90|1180|57.78|
Khairpur Sugar|2304.00|2304.00|2115.00|2227.84|1141|2304.94|
Shadman Cotton|46.16|52.80|46.16|51.80|1125|49.99|
Premier Suger|716.00|769.92|714.99|719.93|1110|715.07|
Shaheen Ins.|7.38|7.61|7.38|7.48|1038|7.51|
Power Cem (PR)|30.00|30.00|30.00|30.00|1000|30.02|
Next Capital|13.40|13.90|13.00|13.11|791|13.8|
AL-Noor Sugar|129.97|129.99|125.11|129.80|730|126.1|
Packages Ltd.|805.00|805.00|799.99|800.00|730|804.23|
Mehmood Tex.|236.01|238.93|221.00|231.67|729|237.03|
D.M. Corporation Ltd|198.00|203.00|198.00|200.00|705|198.53|
Shezan Inter.|258.01|265.00|246.02|256.00|668|258.95|
Reliance Weaving|178.00|188.98|161.02|180.00|586|173.51|
Sana Ind.|37.02|39.85|37.01|39.01|582|37.81|
Khyber Tobacco|319.00|319.00|306.11|315.00|538|316|
Javedan Corp(PR)|69.80|69.80|63.05|69.77|518|67.86|
Elahi Cotton|269.00|276.01|268.50|269.05|509|269.55|
Century Ins.|52.56|54.89|52.56|54.28|484|54.28|
Sindh Abadgar|370.10|379.90|350.00|355.07|476|370.1|
Asia Insurance||||34.10|458|34.1|
OLP Financial|49.70|50.01|49.70|49.69|430|49.69|
B.R.R Guardia Ltd|44.77|48.48|44.77|48.41|395|48.41|
Imrooz Modaraba|220.00|229.15|216.01|219.97|389|234.17|
GOC (Pak) Ltd.|112.04|115.00|112.00|113.00|354|112.04|
JS Global Cap.|170.00|171.00|165.00|165.67|344|167.92|
Khyber Textile|1588.40|1637.00|1588.40|1635.00|297|1619.19|
Pak Leather|48.55|50.98|48.55|49.92|294|49.92|
Bata (Pak) Ltd.|1006.98|1006.98|996.60|998.01|265|997|
Hoechst Pak Ltd|4039.00|4040.00|4005.20|4006.31|237|4005.91|
Jubile Life Ins|177.11|178.10|177.00|177.08|230|177.93|
Shakarganj Limited|117.51|120.00|117.00|118.05|203|118.05|
J.D.W.Sugar|940.00|940.00|907.01|923.27|203|925.23|
Nestle Pakistan|7704.11|7849.95|7640.00|7699.43|173|7695.72|
Pak Synthetics|138.00|139.40|137.00|135.50|171|135.5|
Rafhan Maize|9570.00|9630.00|9536.00|9550.00|162|9583|
Ahmed Hassan|92.51|92.99|85.10|93.19|146|93.19|
Bhanero Tex.|860.00|910.00|860.00|908.43|146|862.51|
Pak Services|928.02|935.00|927.01|929.00|138|939.09|
Sapphire Tex.|1520.01|1553.98|1520.01|1541.33|137|1563.55|
Ismail Ind.|1953.00|1955.00|1927.00|1927.00|131|1925.01|
Al-Abbas Sugar|894.00|909.83|894.00|896.08|130|897.01|
Ellcot Spinning|114.01|128.00|114.01|125.00|102|125|
AKD Hospitality|165.00|165.00|164.85|164.96|91|164.96|
Sindh Modaraba|23.67|23.67|22.71|22.62|76|22.62|
Aisha Steel (PR)|68.00|73.00|67.00|71.93|70|71.93|
Unilever Foods|25800.00|25800.00|25650.00|25663.50|55|25650.5|
PIA Holding Co.(B)|18294.01|19750.00|17020.02|18603.14|35|18294|
Siemens Pak.|1543.96|1543.96|1517.01|1539.26|33|1517.08|
Blessed Tex.|1052.00|1129.00|1052.00|1129.00|26|1138.26|
Faisal Spinning|330.00|330.00|318.02|320.19|25|320.19|
East West Insuranc|48.54|51.70|44.50|48.54|23|48.54|
Mughal Iron(C)|62.00|62.00|60.00|65.00|18|65|
Sapphire Fiber|1199.00|1200.00|1199.00|1201.39|3|1201.39|
IGI Life Ins|18.76|19.89|18.76|19.00|3|19|
Hafiz Limited||||440.37|1|440.37|
Nadeem Textile|77.00|77.00|77.00|84.49|1|84.49|
